<?xml version="1.0" encoding="UTF-8"?>
<!-- Generated by org.testng.reporters.JUnitReportReporter -->
<testsuite hostname="SeenaReddy" failures="0" tests="1" name="com.testscenarios.CLG" time="5.431" errors="0" timestamp="2023-01-10T17:03:09 CST" skipped="0">
  <testcase classname="com.testscenarios.CLG" name="f" time="5.431"/>
  <system-out/>
</testsuite> <!-- com.testscenarios.CLG -->
