<?xml version="1.0" encoding="UTF-8"?>
<!-- Generated by org.testng.reporters.JUnitReportReporter -->
<testsuite hostname="SeenaReddy" failures="0" tests="1" name="com.testscenarios.TTD" time="11.997" errors="0" timestamp="2023-01-09T17:04:47 CST" skipped="0">
  <testcase classname="com.testscenarios.TTD" name="f" time="11.997"/>
  <system-out/>
</testsuite> <!-- com.testscenarios.TTD -->
