<?xml version="1.0" encoding="UTF-8"?>
<!-- Generated by org.testng.reporters.JUnitReportReporter -->
<testsuite hostname="SeenaReddy" failures="0" tests="1" name="com.testscenarios.TS_Echallan" time="10.619" errors="0" timestamp="2023-01-10T17:31:06 CST" skipped="0">
  <testcase classname="com.testscenarios.TS_Echallan" name="f" time="10.619"/>
  <system-out/>
</testsuite> <!-- com.testscenarios.TS_Echallan -->
