<?xml version="1.0" encoding="UTF-8"?>
<!-- Generated by org.testng.reporters.JUnitReportReporter -->
<testsuite hostname="SeenaReddy" failures="0" tests="1" name="dataDrivenFramework.ReadDataFromExcel" time="0.618" errors="0" timestamp="2023-01-16T17:34:43 CST" skipped="0">
  <testcase classname="dataDrivenFramework.ReadDataFromExcel" name="f" time="0.618"/>
  <system-out/>
</testsuite> <!-- dataDrivenFramework.ReadDataFromExcel -->
