<?xml version="1.0" encoding="UTF-8"?>
<!-- Generated by org.testng.reporters.JUnitReportReporter -->
<testsuite hostname="SeenaReddy" failures="0" tests="1" name="com.testscenarios.FB_Login" time="9.586" errors="0" timestamp="2023-01-10T17:08:43 CST" skipped="0">
  <testcase classname="com.testscenarios.FB_Login" name="f" time="9.586"/>
  <system-out/>
</testsuite> <!-- com.testscenarios.FB_Login -->
