<?xml version="1.0" encoding="UTF-8"?>
<!-- Generated by org.testng.reporters.JUnitReportReporter -->
<testsuite hostname="SeenaReddy" failures="0" tests="1" name="com.testscenarios.JRI_AddMobile" time="9.400" errors="0" timestamp="2023-01-10T16:51:23 CST" skipped="0">
  <testcase classname="com.testscenarios.JRI_AddMobile" name="addmobile" time="9.400"/>
  <system-out/>
</testsuite> <!-- com.testscenarios.JRI_AddMobile -->
