<?xml version="1.0" encoding="UTF-8"?>
<!-- Generated by org.testng.reporters.JUnitReportReporter -->
<testsuite hostname="SeenaReddy" failures="0" tests="1" name="com.testscenarios.PopupHandle" time="7.682" errors="0" timestamp="2023-01-19T17:57:00 CST" skipped="0">
  <testcase classname="com.testscenarios.PopupHandle" name="f" time="7.682"/>
  <system-out/>
</testsuite> <!-- com.testscenarios.PopupHandle -->
