<?xml version="1.0" encoding="UTF-8"?>
<!-- Generated by org.testng.reporters.JUnitReportReporter -->
<testsuite hostname="SeenaReddy" failures="0" tests="1" name="dataDrivenFramework.OrangeHRMPAgeLogin" time="45.564" errors="0" timestamp="2023-01-17T17:28:58 CST" skipped="0">
  <testcase classname="dataDrivenFramework.OrangeHRMPAgeLogin" name="login" time="45.564"/>
  <system-out/>
</testsuite> <!-- dataDrivenFramework.OrangeHRMPAgeLogin -->
