<?xml version="1.0" encoding="UTF-8"?>
<!-- Generated by org.testng.reporters.JUnitReportReporter -->
<testsuite hostname="SeenaReddy" failures="0" tests="1" name="com.testscenarios.SwitchTab" time="11.025" errors="0" timestamp="2023-01-12T17:14:21 CST" skipped="0">
  <testcase classname="com.testscenarios.SwitchTab" name="f" time="11.025"/>
  <system-out/>
</testsuite> <!-- com.testscenarios.SwitchTab -->
