<?xml version="1.0" encoding="UTF-8"?>
<!-- Generated by org.testng.reporters.JUnitReportReporter -->
<testsuite hostname="SeenaReddy" failures="0" tests="1" name="com.testscenarios.JRI_Recharge" time="25.362" errors="0" timestamp="2023-01-13T16:58:39 CST" skipped="0">
  <testcase classname="com.testscenarios.JRI_Recharge" name="login" time="25.362"/>
  <system-out/>
</testsuite> <!-- com.testscenarios.JRI_Recharge -->
