<?xml version="1.0" encoding="UTF-8"?>
<!-- Generated by org.testng.reporters.JUnitReportReporter -->
<testsuite hostname="SeenaReddy" failures="0" tests="1" name="com.testscenarios.PopupHandle" time="6.402" errors="0" timestamp="2023-01-13T16:42:46 CST" skipped="0">
  <testcase classname="com.testscenarios.PopupHandle" name="f" time="6.402"/>
  <system-out/>
</testsuite> <!-- com.testscenarios.PopupHandle -->
