<?xml version="1.0" encoding="UTF-8"?>
<!-- Generated by org.testng.reporters.JUnitReportReporter -->
<testsuite hostname="SeenaReddy" failures="0" tests="1" name="com.testscenarios.ActionsSample" time="3.667" errors="0" timestamp="2023-01-13T17:31:34 CST" skipped="0">
  <testcase classname="com.testscenarios.ActionsSample" name="tc02" time="3.667"/>
  <system-out/>
</testsuite> <!-- com.testscenarios.ActionsSample -->
