<?xml version="1.0" encoding="UTF-8"?>
<!-- Generated by org.testng.reporters.JUnitReportReporter -->
<testsuite hostname="SeenaReddy" failures="0" tests="1" name="dataDrivenFramework.WriteDataToExceSheet" time="0.698" errors="0" timestamp="2023-01-16T17:54:33 CST" skipped="0">
  <testcase classname="dataDrivenFramework.WriteDataToExceSheet" name="f" time="0.698"/>
  <system-out/>
</testsuite> <!-- dataDrivenFramework.WriteDataToExceSheet -->
