<?xml version="1.0" encoding="UTF-8"?>
<!-- Generated by org.testng.reporters.JUnitReportReporter -->
<testsuite hostname="SeenaReddy" failures="0" tests="1" name="dataDrivenFramework.FbLoginTest" time="63.468" errors="0" timestamp="2023-01-16T17:40:50 CST" skipped="0">
  <testcase classname="dataDrivenFramework.FbLoginTest" name="fblogin" time="63.468"/>
  <system-out/>
</testsuite> <!-- dataDrivenFramework.FbLoginTest -->
